=== Backup started at Thu Feb  5 03:22:19 PM CST 2026 ===
Successfully copied 2.56kB to /home/ubuntu/daili/run/clewdr/clewdr.toml
Synced ClewdR config from container.
API Gateway keys found.
[main ee08239] Auto backup: 2026-02-05 15:22:20
 118 files changed, 43327 insertions(+), 14 deletions(-)
 create mode 100644 backup.log
 mode change 100755 => 100644 install.sh
 create mode 100644 run/api_change/Dockerfile
 create mode 100644 run/api_change/README.md
 create mode 100644 run/api_change/config.json
 create mode 100644 run/api_change/index.js
 create mode 100644 run/api_change/keys.json
 create mode 100644 run/api_change/ui.html
 create mode 100644 run/api_change/ui_base.html
 create mode 100644 run/clewdr/clewdr.toml
 create mode 100644 run/proxy/cache.db
 create mode 100644 run/proxy/geosite.dat
 create mode 100644 run/proxy/ui/.nojekyll
 create mode 100644 run/proxy/ui/200.html
 create mode 100644 run/proxy/ui/404.html
 create mode 100644 run/proxy/ui/CNAME
 create mode 100644 run/proxy/ui/_fonts/0BHDupFl2CWCe8Ht57JjRElqtRm4w3OaWdbdbcYNe7M-_Zv4nKkXFw7udPt2Y9VUPPAAPn5xlSz7-MFfN2mU3Lw.woff2
 create mode 100644 run/proxy/ui/_fonts/1ZTlEDqU4DtwDJiND8f6qaugUpa0RIDvQl-v7iM6l54-E_0P97uVdePA0HPsGjPNQJHO4J7Wa4gcLpUiyWEVhKk.woff
 create mode 100644 run/proxy/ui/_fonts/1ZTlEDqU4DtwDJiND8f6qaugUpa0RIDvQl-v7iM6l54-HEJFTPSrHShJ538F_Q1fNZpVSVuPMqk2CA8B5pGaQAk.woff
 create mode 100644 run/proxy/ui/_fonts/1ZTlEDqU4DtwDJiND8f6qaugUpa0RIDvQl-v7iM6l54-JFaRBhjX7zs0NCrN5ig37Bxly_6fhyLcKq4JUZeBv3s.woff
 create mode 100644 run/proxy/ui/_fonts/1ZTlEDqU4DtwDJiND8f6qaugUpa0RIDvQl-v7iM6l54-KzBetNAps_wKMNubcrFDzm4FOcgDvxcFlSu5YFsiQ38.woff
 create mode 100644 run/proxy/ui/_fonts/1ZTlEDqU4DtwDJiND8f6qaugUpa0RIDvQl-v7iM6l54-TSH_EmyEbazxJnxZJqWsue2EO9bg52ZhjzAdsU84-D0.woff
 create mode 100644 run/proxy/ui/_fonts/1ZTlEDqU4DtwDJiND8f6qaugUpa0RIDvQl-v7iM6l54-oCYH_1eH8eKUimNOQnbnWGwKuOkgbeHLvXRuD4oFQzI.woff
 create mode 100644 run/proxy/ui/_fonts/1ZTlEDqU4DtwDJiND8f6qaugUpa0RIDvQl-v7iM6l54-rWF1F83LCnNpXioXKbXKSUTrDdD0RsTJXVBvBO9amKs.woff
 create mode 100644 run/proxy/ui/_fonts/1ZTlEDqU4DtwDJiND8f6qaugUpa0RIDvQl-v7iM6l54-rXCKTJN0_0OIFmcYuAQVCKUy8C4haSk6fq2GNhJN7ew.woff
 create mode 100644 run/proxy/ui/_fonts/2jtKtjn0jVUoC-Z7Cf8SbbyAq7lWLO_YmjHrE0jt6os-s_gu8XvkQiqM_341oryL2NWuuio3LSudT9bWkGkZuLQ.woff2
 create mode 100644 run/proxy/ui/_fonts/2uj_NkgfcQ3iYnC8ta4ZjyGs0SQG5G8mTV9oTj2xhdk-OwpznulC9p3zW2ObRx0B51k6g1pPy2dUscCCpm_AchI.woff2
 create mode 100644 run/proxy/ui/_fonts/4LCKN0m2mWPjCD0Vg9ZxJ8hmIpE4ZUvT6wD610sQ3xQ-Tvw7sjBhFGZ6EWRXywmjm7BQjP55tT_R9T6v5YfzwGo.woff2
 create mode 100644 run/proxy/ui/_fonts/5Uc1gNFjdWhvWuSCZAsc_KC7PRQ8dSy-6_2-9J2yfkk-j1Y4C4rMRleKY2joVhkot9UpPmfABEsrsuDfKG3QJIE.woff2
 create mode 100644 run/proxy/ui/_fonts/7w4X4tGJFS7OWo1GoNl6cvsXligoB8Z-xWbQFrYWGQE-8h5xTfzAA_h9VIWTxNB67Ucry5cQRTjJhoZaHShhl5M.woff2
 create mode 100644 run/proxy/ui/_fonts/8jC3-1nM22MOOOUOpFvcJfCmHgDwWxJS8N7UggifZYY-asoANahgLf4q1qOPyngavpeqon9_izlETTXfe5Ithr8.woff2
 create mode 100644 run/proxy/ui/_fonts/8ttekgdTgvCkovyeTQZqskfy0dYRy5afQbIR-nG3XpQ-jRXYNQM2VwQOkADB_pwchHeF2Q0ISvsVs_wFd6FiS6k.woff2
 create mode 100644 run/proxy/ui/_fonts/94jBSMN2q8k-mwt9PC-tVG5Xs5k1rEBNDrP9eoW_4DA-j1W30ucBnsJtpkDfRSNomos9AEfcvtgDfyyX4SKhBDE.woff2
 create mode 100644 run/proxy/ui/_fonts/9ZFRJH8Df7SbrP8j5KgC-ZLn9gb1pCWo8G9nFtxgcMQ-EyGwRsKbziIn3DnympkstqXjIDKYICanPtmtVOnxkSA.woff2
 create mode 100644 run/proxy/ui/_fonts/AsEJQEfkU0qunVYWAPueu8RGAg5hTo3kNzUt6XTw0zM-IOANSBgts8tg6KjK82QaqLoQyM_hFwYy9TaiQ_I2uRc.woff2
 create mode 100644 run/proxy/ui/_fonts/AsIupFAeXnc8EeKJ3Bzhy5tKUlFo3vxm7xHaubFA08A-YrRsOOt3iKCLcm2Pu5fqAAkM_bVZsGPdTiJpxDjXDoc.woff2
 create mode 100644 run/proxy/ui/_fonts/CkxZ8SnY8ZppZqgQG8swA5c-q9nVbv-9vyoUoPla7JI-RdFZKpBPbhkz_K7cepi8LXb_TOmZ5GL0GmK_cjXd1qo.woff2
 create mode 100644 run/proxy/ui/_fonts/DzszzorZ5O_YqWq6oS8V82335SNybMUhSCcSYa40KQM-jnTR4jvLVmdaih6m51J9wjp8ghB9NSpItDVLjTnoTO8.woff2
 create mode 100644 run/proxy/ui/_fonts/FgiUOrCnyqHgSsiMw3bPlXJv0qHxBYl0440tdW9jAwM-R9dtGSBkuEEiILTacQhp8WyE02txSq3B7JfOfXDW_uY.woff2
 create mode 100644 run/proxy/ui/_fonts/HHVyYFetjSnAMoAsHyG7VlXWlW9HR9skWh_RgpLlAk4-yHQGjuyu1IMhLHv6ZZLXBV2M_ez3NlJHg7ho0MHGhhc.woff2
 create mode 100644 run/proxy/ui/_fonts/KMzk6ptaouoRl0pusYNLIoZ27ufg20n7FjJ0r-jWX24-evmKS3cTd7KDwv5oVFiF4mwiN1qzHIYcMr18MtkX_YU.woff2
 create mode 100644 run/proxy/ui/_fonts/LOyDiycmdc284_x2PD8CKYz5cDiR1bvb6TdlwA0zW0s-ap4WMcTz1MBJHpMZlE5MzrbWeElXKfB4EeQJuwR793A.woff2
 create mode 100644 run/proxy/ui/_fonts/OfcLxPoYN4z-8y8M9zu0Lgp54b5Y92RcBeUfxpfwMDY-0y0pF9QqHnKQaabEVfxS1MzVRmO0Jc_zlIZi74obv3Y.woff2
 create mode 100644 run/proxy/ui/_fonts/Uq9LPEX26JTSK0gaNQn_6Z3pVOPFb1aIFVxuUFAjYBE-TDIVAiZtfw7lleo9WReLlozuDd68_MbAu2ZRGoMRkdc.woff2
 create mode 100644 run/proxy/ui/_fonts/asDbZN4mAiciWG8XORT25XqmGyK-zogmTYnblp3pVF4-FGfuoN0TSZzxs0_GHKLx4D-M9Hqhp_fbCODfd4SlMpo.woff2
 create mode 100644 run/proxy/ui/_fonts/cG9bT2Rs2wiXiudTcBbVHAP8NMYWSL32yGVzrjFKb4M-8cAYaNW_GKa8bPWNt62mbVYKHutBAOOXFILll_PsRU0.woff2
 create mode 100644 run/proxy/ui/_fonts/dSpBk9EdNZcjl8BVvxvaTZugpF82DPW56k94wdlcmEc-O8K0fmcIPYdTe6plKwcD69_SoxqvChiImre8p6VPPKk.woff2
 create mode 100644 run/proxy/ui/_fonts/g7BqkA7uFNDI7eI1pzx_5kzyxVueaAPKInjDHKnyCVE-rhGg5KPGrwlT4UBKeLa0Nc37lA7xFq5WcK5PZmLJfWQ.woff2
 create mode 100644 run/proxy/ui/_fonts/icpQ3IFJA0mIrVln0qyi-EvCdm5pv5oS__KZwBVcj2o-3UqbZ1wQb8y3GLqtWlf20RgFLj861gtVRD9IWIxUygk.woff2
 create mode 100644 run/proxy/ui/_fonts/jyn5EWxbXux8roFTYzZO9pZ0sYE58a7qdf4QyvFsFHc-vDZ7Zk0QlPIOPQcacDE30IaDsklbi0tTxrsa_V_OVjg.woff2
 create mode 100644 run/proxy/ui/_fonts/mUm0eTfamh3-N48vpdGRyU1-8P_4QNM1H-GR9VkmaVo-E21d7LMNlUytZ2o2uaz6GXP771FCmWYkyio2ejxryFg.woff2
 create mode 100644 run/proxy/ui/_fonts/nArJRSx2Q24CGpdJJWGwkxKDhHq0xGvqfIamLxzjDjo-Mltmvj57qb9_unPzZYqCLr-qzIs90nwFqUYE1Tl0eYw.woff2
 create mode 100644 run/proxy/ui/_fonts/ofWS0IfeK_KhqRnikx2Co7qe5YKZmoqGqoP4DSYij1U-_ofRanqowt6OGJBwb7qtGvU6ktG24_LiXZazouoWpDY.woff2
 create mode 100644 run/proxy/ui/_fonts/vFJFVYMeF4SNq9_9jbsFgjkWqsj7xU4tgEc8hk6bKvA-uG8FVyK2fumEENugz2bwVrLqwY7YVP0g_t2oyGuwO9Q.woff2
 create mode 100644 run/proxy/ui/_fonts/xFR3Nl6fsInXTackRCpfgVTJKL8DQxw-1oEkWSe9Y5I-e_L9Ue7eE-1gHzR0pCgXjLetn5FMSaElSfnTCnuDUnw.woff2
 create mode 100644 run/proxy/ui/_fonts/yZXiTO8lc29KbhbsIOqgeKiLjnNedg-HOtkV0o7UtWU-nPJL30mZaI72Qy1WDkWplqib3zQz3yFnnLwvRgeFKDU.woff2
 create mode 100644 run/proxy/ui/_nuxt/-erqxIKx.js
 create mode 100644 run/proxy/ui/_nuxt/B-QDr_Zu.js
 create mode 100644 run/proxy/ui/_nuxt/B9V4WbAI.js
 create mode 100644 run/proxy/ui/_nuxt/BIUzKAiQ.js
 create mode 100644 run/proxy/ui/_nuxt/BLNk-Hhf.js
 create mode 100644 run/proxy/ui/_nuxt/BQWA8Lyr.js
 create mode 100644 run/proxy/ui/_nuxt/BWQi_k-7.js
 create mode 100644 run/proxy/ui/_nuxt/BX3TU0Du.js
 create mode 100644 run/proxy/ui/_nuxt/BsxD3QXE.js
 create mode 100644 run/proxy/ui/_nuxt/BxoT1231.js
 create mode 100644 run/proxy/ui/_nuxt/Byy5U31B.js
 create mode 100644 run/proxy/ui/_nuxt/C05CAaCD.js
 create mode 100644 run/proxy/ui/_nuxt/C1-yQTBG.js
 create mode 100644 run/proxy/ui/_nuxt/C10-FI46.js
 create mode 100644 run/proxy/ui/_nuxt/CFrntjUg.js
 create mode 100644 run/proxy/ui/_nuxt/CJJnKvhs.js
 create mode 100644 run/proxy/ui/_nuxt/CMuLFDHw.js
 create mode 100644 run/proxy/ui/_nuxt/CZEqKmNR.js
 create mode 100644 run/proxy/ui/_nuxt/ChdGwI1C.js
 create mode 100644 run/proxy/ui/_nuxt/CleNlDm1.js
 create mode 100644 run/proxy/ui/_nuxt/Cycs7SVw.js
 create mode 100644 run/proxy/ui/_nuxt/D2lxPSBP.js
 create mode 100644 run/proxy/ui/_nuxt/D5bKNMWo.js
 create mode 100644 run/proxy/ui/_nuxt/D5dZ0BBA.js
 create mode 100644 run/proxy/ui/_nuxt/DA8czWsK.js
 create mode 100644 run/proxy/ui/_nuxt/DE8gTX9W.js
 create mode 100644 run/proxy/ui/_nuxt/DNqENyqU.js
 create mode 100644 run/proxy/ui/_nuxt/DO-f6TPk.js
 create mode 100644 run/proxy/ui/_nuxt/G0Mk0LOa.js
 create mode 100644 run/proxy/ui/_nuxt/H90IcETp.js
 create mode 100644 run/proxy/ui/_nuxt/K4u2ezNV.js
 create mode 100644 run/proxy/ui/_nuxt/T0JuswmA.js
 create mode 100644 run/proxy/ui/_nuxt/TwemojiMozilla-flags.B12sb_Bp.woff2
 create mode 100644 run/proxy/ui/_nuxt/a5d0Dizp.js
 create mode 100644 run/proxy/ui/_nuxt/builds/latest.json
 create mode 100644 run/proxy/ui/_nuxt/builds/meta/cbd78e94-f8a1-4a93-a7ca-ad8e4b0827f7.json
 create mode 100644 run/proxy/ui/_nuxt/config.BQT2kV27.css
 create mode 100644 run/proxy/ui/_nuxt/connections.CkLF7xd4.css
 create mode 100644 run/proxy/ui/_nuxt/dYIMhUN5.js
 create mode 100644 run/proxy/ui/_nuxt/default.BmwtAjrc.css
 create mode 100644 run/proxy/ui/_nuxt/ePTY68o_.js
 create mode 100644 run/proxy/ui/_nuxt/entry.CcFUvKfN.css
 create mode 100644 run/proxy/ui/_nuxt/error-404.CIvL7Aky.css
 create mode 100644 run/proxy/ui/_nuxt/error-500.vyxIrrLw.css
 create mode 100644 run/proxy/ui/_nuxt/logs.B29HN7jH.css
 create mode 100644 run/proxy/ui/_nuxt/overview.BZwB8MEO.css
 create mode 100644 run/proxy/ui/_nuxt/pages.BRwxNOdO.css
 create mode 100644 run/proxy/ui/_nuxt/proxies.Bn6aSwNi.css
 create mode 100644 run/proxy/ui/_nuxt/rules.0O9LHYIH.css
 create mode 100644 run/proxy/ui/_nuxt/setup.DB5vUTad.css
 create mode 100644 run/proxy/ui/_nuxt/shortcuts.B2PsSEpe.css
 create mode 100644 run/proxy/ui/apple-touch-icon-180x180.png
 create mode 100644 run/proxy/ui/config.js
 create mode 100644 run/proxy/ui/favicon.ico
 create mode 100644 run/proxy/ui/favicon.svg
 create mode 100644 run/proxy/ui/index.html
 create mode 100644 run/proxy/ui/maskable-icon-512x512.png
 create mode 100644 run/proxy/ui/pwa-192x192.png
 create mode 100644 run/proxy/ui/pwa-512x512.png
 create mode 100644 run/proxy/ui/pwa-64x64.png
To github.com:ponsde/daili.git
   7a9be18..ee08239  main -> main
Success: Changes pushed to GitHub.
=== Backup finished ===

=== Backup started at Thu Feb  5 03:47:28 PM CST 2026 ===
Successfully copied 2.56kB to /home/ubuntu/daili/run/clewdr/clewdr.toml
Synced ClewdR config from container.
API Gateway keys found.
[main 333365a] Auto backup: 2026-02-05 15:47:28
 4 files changed, 207 insertions(+), 40 deletions(-)
 rewrite README.md (92%)
 create mode 100644 proxies.json
To github.com:ponsde/daili.git
   ee08239..333365a  main -> main
Success: Changes pushed to GitHub.
=== Backup finished ===

=== Backup started at Thu Feb  5 07:38:44 PM CST 2026 ===
Successfully copied 2.05kB to /home/ubuntu/daili/run/clewdr/clewdr.toml
Synced ClewdR config from container.
API Gateway keys found.
